<?xml version="1.0" encoding="UTF-8"?>
<!-- Generated by org.testng.reporters.JUnitReportReporter -->
<testsuite hostname="DESKTOP-CIEGJC7" failures="0" tests="1" name="com.naresh.automation.scripts.Demo" time="0.020" errors="0" timestamp="2021-11-02T22:07:03 IST" skipped="0">
  <testcase classname="com.naresh.automation.scripts.Demo" name="demo" time="0.020"/>
  <system-out/>
</testsuite> <!-- com.naresh.automation.scripts.Demo -->
