<?xml version="1.0" encoding="UTF-8"?>
<!-- Generated by org.testng.reporters.JUnitReportReporter -->
<testsuite skipped="0" hostname="DESKTOP-CIEGJC7" name="com.naresh.automation.scripts.Demo" tests="1" failures="0" timestamp="2021-11-09T20:18:44 IST" time="0.009" errors="0">
  <testcase name="demo" time="0.009" classname="com.naresh.automation.scripts.Demo"/>
  <system-out/>
</testsuite> <!-- com.naresh.automation.scripts.Demo -->
